<?xml version="1.0" encoding="UTF-8"?>
<testng-results ignored="0" total="2" passed="1" failed="1" skipped="0">
  <reporter-output>
  </reporter-output>
  <suite started-at="2018-09-28T07:24:28Z" name="Palcura Web" finished-at="2018-09-28T07:24:46Z" duration-ms="18232">
    <groups>
    </groups>
    <test started-at="2018-09-28T07:24:28Z" name="Test Suite palcura" finished-at="2018-09-28T07:24:46Z" duration-ms="18232">
      <class name="testCase.TC02_Login">
        <test-method is-config="true" signature="openBrowser(java.lang.String, java.lang.String)[pri:0, instance:testCase.TC02_Login@60099951]" started-at="2018-09-28T07:24:12Z" name="openBrowser" finished-at="2018-09-28T07:24:28Z" duration-ms="15741" status="PASS">
          <params>
            <param index="0">
              <value>
                <![CDATA[Chrome]]>
              </value>
            </param>
            <param index="1">
              <value>
                <![CDATA[http://192.168.1.250:8083/Palcura]]>
              </value>
            </param>
          </params>
          <reporter-output>
          </reporter-output>
        </test-method> <!-- openBrowser -->
        <test-method is-config="true" signature="createInstance()[pri:0, instance:testCase.TC02_Login@60099951]" started-at="2018-09-28T07:24:28Z" name="createInstance" finished-at="2018-09-28T07:24:30Z" duration-ms="2173" status="PASS">
          <reporter-output>
          </reporter-output>
        </test-method> <!-- createInstance -->
        <test-method signature="login(java.lang.String, java.lang.String)[pri:1, instance:testCase.TC02_Login@60099951]" started-at="2018-09-28T07:24:30Z" name="login" finished-at="2018-09-28T07:24:41Z" duration-ms="10853" status="PASS">
          <params>
            <param index="0">
              <value>
                <![CDATA[ashishsitter@mailinator.com]]>
              </value>
            </param>
            <param index="1">
              <value>
                <![CDATA[321321321]]>
              </value>
            </param>
          </params>
          <reporter-output>
          </reporter-output>
        </test-method> <!-- login -->
        <test-method is-config="true" signature="teardown(org.testng.ITestResult)[pri:0, instance:testCase.TC02_Login@60099951]" started-at="2018-09-28T07:24:41Z" name="teardown" finished-at="2018-09-28T07:24:45Z" duration-ms="3920" status="PASS">
          <params>
            <param index="0">
              <value>
                <![CDATA[[TestResult name=login status=SUCCESS method=TC02_Login.login(java.lang.String, java.lang.String)[pri:1, instance:testCase.TC02_Login@60099951] output={null}]]]>
              </value>
            </param>
          </params>
          <reporter-output>
          </reporter-output>
        </test-method> <!-- teardown -->
        <test-method is-config="true" signature="createInstance()[pri:0, instance:testCase.TC02_Login@60099951]" started-at="2018-09-28T07:24:45Z" name="createInstance" finished-at="2018-09-28T07:24:45Z" duration-ms="0" status="PASS">
          <reporter-output>
          </reporter-output>
        </test-method> <!-- createInstance -->
        <test-method signature="dashboard()[pri:2, instance:testCase.TC02_Login@60099951]" started-at="2018-09-28T07:24:45Z" name="dashboard" finished-at="2018-09-28T07:24:45Z" duration-ms="156" status="FAIL">
          <exception class="java.lang.AssertionError">
            <message>
              <![CDATA[expected [false] but found [true]]]>
            </message>
            <full-stacktrace>
              <![CDATA[java.lang.AssertionError: expected [false] but found [true]
at org.testng.Assert.fail(Assert.java:96)
at org.testng.Assert.failNotEquals(Assert.java:776)
at org.testng.Assert.assertEqualsImpl(Assert.java:137)
at org.testng.Assert.assertEquals(Assert.java:118)
at org.testng.Assert.assertEquals(Assert.java:568)
at org.testng.Assert.assertEquals(Assert.java:578)
at testCase.TC02_Login.dashboard(TC02_Login.java:68)
at java.base/jdk.internal.reflect.NativeMethodAccessorImpl.invoke0(Native Method)
at java.base/jdk.internal.reflect.NativeMethodAccessorImpl.invoke(NativeMethodAccessorImpl.java:62)
at java.base/jdk.internal.reflect.DelegatingMethodAccessorImpl.invoke(DelegatingMethodAccessorImpl.java:43)
at java.base/java.lang.reflect.Method.invoke(Method.java:564)
at org.testng.internal.MethodInvocationHelper.invokeMethod(MethodInvocationHelper.java:124)
at org.testng.internal.Invoker.invokeMethod(Invoker.java:580)
at org.testng.internal.Invoker.invokeTestMethod(Invoker.java:716)
at org.testng.internal.Invoker.invokeTestMethods(Invoker.java:988)
at org.testng.internal.TestMethodWorker.invokeTestMethods(TestMethodWorker.java:125)
at org.testng.internal.TestMethodWorker.run(TestMethodWorker.java:109)
at org.testng.TestRunner.privateRun(TestRunner.java:648)
at org.testng.TestRunner.run(TestRunner.java:505)
at org.testng.SuiteRunner.runTest(SuiteRunner.java:455)
at org.testng.SuiteRunner.runSequentially(SuiteRunner.java:450)
at org.testng.SuiteRunner.privateRun(SuiteRunner.java:415)
at org.testng.SuiteRunner.run(SuiteRunner.java:364)
at org.testng.SuiteRunnerWorker.runSuite(SuiteRunnerWorker.java:52)
at org.testng.SuiteRunnerWorker.run(SuiteRunnerWorker.java:84)
at org.testng.TestNG.runSuitesSequentially(TestNG.java:1208)
at org.testng.TestNG.runSuitesLocally(TestNG.java:1137)
at org.testng.TestNG.runSuites(TestNG.java:1049)
at org.testng.TestNG.run(TestNG.java:1017)
at org.testng.remote.AbstractRemoteTestNG.run(AbstractRemoteTestNG.java:114)
at org.testng.remote.RemoteTestNG.initAndRun(RemoteTestNG.java:251)
at org.testng.remote.RemoteTestNG.main(RemoteTestNG.java:77)
]]>
            </full-stacktrace>
          </exception> <!-- java.lang.AssertionError -->
          <reporter-output>
          </reporter-output>
        </test-method> <!-- dashboard -->
        <test-method is-config="true" signature="teardown(org.testng.ITestResult)[pri:0, instance:testCase.TC02_Login@60099951]" started-at="2018-09-28T07:24:45Z" name="teardown" finished-at="2018-09-28T07:24:46Z" duration-ms="1086" status="PASS">
          <params>
            <param index="0">
              <value>
                <![CDATA[[TestResult name=dashboard status=FAILURE method=TC02_Login.dashboard()[pri:2, instance:testCase.TC02_Login@60099951] output={null}]]]>
              </value>
            </param>
          </params>
          <reporter-output>
          </reporter-output>
        </test-method> <!-- teardown -->
        <test-method is-config="true" signature="closeBrowser()[pri:0, instance:testCase.TC02_Login@60099951]" started-at="2018-09-28T07:24:46Z" name="closeBrowser" finished-at="2018-09-28T07:24:51Z" duration-ms="4506" status="PASS">
          <reporter-output>
          </reporter-output>
        </test-method> <!-- closeBrowser -->
      </class> <!-- testCase.TC02_Login -->
    </test> <!-- Test Suite palcura -->
  </suite> <!-- Palcura Web -->
</testng-results>
